#
# There is insufficient memory for the Java Runtime Environment to continue.
# Native memory allocation (malloc) failed to allocate 664336 bytes for Chunk::new
# Possible reasons:
#   The system is out of physical RAM or swap space
#   The process is running with CompressedOops enabled, and the Java Heap may be blocking the growth of the native heap
# Possible solutions:
#   Reduce memory load on the system
#   Increase physical memory or swap space
#   Check if swap backing store is full
#   Decrease Java heap size (-Xmx/-Xms)
#   Decrease number of Java threads
#   Decrease Java thread stack sizes (-Xss)
#   Set larger code cache with -XX:ReservedCodeCacheSize=
#   JVM is running with Unscaled Compressed Oops mode in which the Java heap is
#     placed in the first 4GB address space. The Java Heap base address is the
#     maximum limit for the native heap growth. Please use -XX:HeapBaseMinAddress
#     to set the Java Heap base and to place the Java Heap above 4GB virtual address.
# This output file may be truncated or incomplete.
#
#  Out of Memory Error (./open/src/hotspot/share/memory/arena.cpp:197), pid=13492, tid=32844
#
# JRE version: Java(TM) SE Runtime Environment 18.9 (11.0.17+10) (build 11.0.17+10-LTS-269)
# Java VM: Java HotSpot(TM) 64-Bit Server VM 18.9 (11.0.17+10-LTS-269, mixed mode, tiered, compressed oops, g1 gc, windows-amd64)
# No core dump will be written. Minidumps are not enabled by default on client versions of Windows
#

---------------  S U M M A R Y ------------

Command Line: -ea -Dfile.encoding=Cp1252 org.testng.remote.RemoteTestNG -serport 65439 -protocol json -d C:\Users\Admin\eclipse-workspace\seleniumframeworkdesign\test-output C:\Users\Admin\AppData\Local\Temp\testng-eclipse-1337949379\testng-customsuite.xml

Host: Intel(R) Pentium(R) Silver N5000 CPU @ 1.10GHz, 4 cores, 3G,  Windows 10 , 64 bit Build 19041 (10.0.19041.2546)
Time: Sat Mar 11 18:28:01 2023 India Standard Time elapsed time: 9.981096 seconds (0d 0h 0m 9s)

---------------  T H R E A D  ---------------

Current thread (0x000001b9570f5000):  JavaThread "C2 CompilerThread0" daemon [_thread_in_native, id=32844, stack(0x0000001003800000,0x0000001003900000)]


Current CompileTask:
C2:   9981 2312       4       jdk.internal.loader.URLClassPath::getResource (74 bytes)

Stack: [0x0000001003800000,0x0000001003900000]
Native frames: (J=compiled Java code, j=interpreted, Vv=VM code, C=native code)
V  [jvm.dll+0x62b5da]
V  [jvm.dll+0x7653df]
V  [jvm.dll+0x766a89]
V  [jvm.dll+0x767113]
V  [jvm.dll+0x23dd28]
V  [jvm.dll+0xb2a1c]
V  [jvm.dll+0xb2fdc]
V  [jvm.dll+0x341597]
V  [jvm.dll+0x30ef13]
V  [jvm.dll+0x30e25a]
V  [jvm.dll+0x1f8733]
V  [jvm.dll+0x1f78fd]
V  [jvm.dll+0x177c91]
V  [jvm.dll+0x207296]
V  [jvm.dll+0x20542b]
V  [jvm.dll+0x72b2c0]
V  [jvm.dll+0x723e64]
V  [jvm.dll+0x62a485]
C  [ucrtbase.dll+0x21bb2]
C  [KERNEL32.DLL+0x17614]
C  [ntdll.dll+0x526a1]


---------------  P R O C E S S  ---------------

Threads class SMR info:
_java_thread_list=0x000001b9588775e0, length=13, elements={
0x000001b93c11b000, 0x000001b9570ae000, 0x000001b9570d9800, 0x000001b9570ec800,
0x000001b9570ee000, 0x000001b9570f2000, 0x000001b9570f5000, 0x000001b957157000,
0x000001b95715c000, 0x000001b957bdd000, 0x000001b9586ad800, 0x000001b958d77000,
0x000001b958282800
}

Java Threads: ( => current thread )
  0x000001b93c11b000 JavaThread "main" [_thread_in_vm, id=27364, stack(0x0000001002c00000,0x0000001002d00000)]
  0x000001b9570ae000 JavaThread "Reference Handler" daemon [_thread_blocked, id=40524, stack(0x0000001003300000,0x0000001003400000)]
  0x000001b9570d9800 JavaThread "Finalizer" daemon [_thread_blocked, id=13016, stack(0x0000001003400000,0x0000001003500000)]
  0x000001b9570ec800 JavaThread "Signal Dispatcher" daemon [_thread_blocked, id=40868, stack(0x0000001003500000,0x0000001003600000)]
  0x000001b9570ee000 JavaThread "Attach Listener" daemon [_thread_blocked, id=38296, stack(0x0000001003600000,0x0000001003700000)]
  0x000001b9570f2000 JavaThread "Service Thread" daemon [_thread_blocked, id=31884, stack(0x0000001003700000,0x0000001003800000)]
=>0x000001b9570f5000 JavaThread "C2 CompilerThread0" daemon [_thread_in_native, id=32844, stack(0x0000001003800000,0x0000001003900000)]
  0x000001b957157000 JavaThread "C1 CompilerThread0" daemon [_thread_blocked, id=17448, stack(0x0000001003900000,0x0000001003a00000)]
  0x000001b95715c000 JavaThread "Sweeper thread" daemon [_thread_blocked, id=8280, stack(0x0000001003a00000,0x0000001003b00000)]
  0x000001b957bdd000 JavaThread "Common-Cleaner" daemon [_thread_blocked, id=23116, stack(0x0000001003c00000,0x0000001003d00000)]
  0x000001b9586ad800 JavaThread "ReaderThread" [_thread_in_native, id=41584, stack(0x0000001003f00000,0x0000001004000000)]
  0x000001b958d77000 JavaThread "ForkJoinPool.commonPool-worker-3" daemon [_thread_blocked, id=34308, stack(0x0000001004200000,0x0000001004300000)]
  0x000001b958282800 JavaThread "ForkJoinPool.commonPool-worker-5" daemon [_thread_blocked, id=39280, stack(0x0000001004300000,0x0000001004400000)]

Other Threads:
  0x000001b9570a9800 VMThread "VM Thread" [stack: 0x0000001003200000,0x0000001003300000] [id=23760]
  0x000001b957bdc800 WatcherThread [stack: 0x0000001003b00000,0x0000001003c00000] [id=26148]
  0x000001b93c130800 GCTaskThread "GC Thread#0" [stack: 0x0000001002d00000,0x0000001002e00000] [id=26572]
  0x000001b958668800 GCTaskThread "GC Thread#1" [stack: 0x0000001003d00000,0x0000001003e00000] [id=34456]
  0x000001b95886b000 GCTaskThread "GC Thread#2" [stack: 0x0000001004000000,0x0000001004100000] [id=22444]
  0x000001b9586bf800 GCTaskThread "GC Thread#3" [stack: 0x0000001004100000,0x0000001004200000] [id=39756]
  0x000001b93c14a000 ConcurrentGCThread "G1 Main Marker" [stack: 0x0000001002e00000,0x0000001002f00000] [id=21668]
  0x000001b93c14c000 ConcurrentGCThread "G1 Conc#0" [stack: 0x0000001002f00000,0x0000001003000000] [id=39356]
  0x000001b93c195800 ConcurrentGCThread "G1 Refine#0" [stack: 0x0000001003000000,0x0000001003100000] [id=9304]
  0x000001b93c197800 ConcurrentGCThread "G1 Young RemSet Sampling" [stack: 0x0000001003100000,0x0000001003200000] [id=40312]

Threads with active compile tasks:
C2 CompilerThread0    11015 2312       4       jdk.internal.loader.URLClassPath::getResource (74 bytes)

VM state:not at safepoint (normal execution)

VM Mutex/Monitor currently owned by a thread: None

Heap address: 0x00000000c3000000, size: 976 MB, Compressed Oops mode: 32-bit
Narrow klass base: 0x0000000000000000, Narrow klass shift: 3
Compressed class space size: 1073741824 Address: 0x0000000100000000

Heap:
 garbage-first heap   total 63488K, used 15133K [0x00000000c3000000, 0x0000000100000000)
  region size 1024K, 4 young (4096K), 2 survivors (2048K)
 Metaspace       used 23748K, capacity 24486K, committed 24832K, reserved 1071104K
  class space    used 2632K, capacity 2962K, committed 3072K, reserved 1048576K
Heap Regions: E=young(eden), S=young(survivor), O=old, HS=humongous(starts), HC=humongous(continues), CS=collection set, F=free, A=archive, TAMS=top-at-mark-start (previous, next)
|   0|0x00000000c3000000, 0x00000000c3100000, 0x00000000c3100000|100%| O|  |TAMS 0x00000000c3100000, 0x00000000c3000000| Untracked 
|   1|0x00000000c3100000, 0x00000000c3200000, 0x00000000c3200000|100%| O|  |TAMS 0x00000000c3200000, 0x00000000c3100000| Untracked 
|   2|0x00000000c3200000, 0x00000000c3300000, 0x00000000c3300000|100%| O|  |TAMS 0x00000000c3300000, 0x00000000c3200000| Untracked 
|   3|0x00000000c3300000, 0x00000000c3400000, 0x00000000c3400000|100%| O|  |TAMS 0x00000000c3400000, 0x00000000c3300000| Untracked 
|   4|0x00000000c3400000, 0x00000000c3500000, 0x00000000c3500000|100%| O|  |TAMS 0x00000000c3500000, 0x00000000c3400000| Untracked 
|   5|0x00000000c3500000, 0x00000000c3600000, 0x00000000c3600000|100%| O|  |TAMS 0x00000000c3600000, 0x00000000c3500000| Untracked 
|   6|0x00000000c3600000, 0x00000000c3700000, 0x00000000c3700000|100%| O|  |TAMS 0x00000000c3700000, 0x00000000c3600000| Untracked 
|   7|0x00000000c3700000, 0x00000000c3800000, 0x00000000c3800000|100%| O|  |TAMS 0x00000000c3800000, 0x00000000c3700000| Untracked 
|   8|0x00000000c3800000, 0x00000000c3900000, 0x00000000c3900000|100%| O|  |TAMS 0x00000000c3866a00, 0x00000000c3800000| Untracked 
|   9|0x00000000c3900000, 0x00000000c3a00000, 0x00000000c3a00000|100%| O|  |TAMS 0x00000000c3900000, 0x00000000c3900000| Untracked 
|  10|0x00000000c3a00000, 0x00000000c3b00000, 0x00000000c3b00000|100%| O|  |TAMS 0x00000000c3a00000, 0x00000000c3a00000| Untracked 
|  11|0x00000000c3b00000, 0x00000000c3c00000, 0x00000000c3c00000|100%| O|  |TAMS 0x00000000c3b00000, 0x00000000c3b00000| Untracked 
|  12|0x00000000c3c00000, 0x00000000c3c70800, 0x00000000c3d00000| 43%| O|  |TAMS 0x00000000c3c00000, 0x00000000c3c00000| Untracked 
|  13|0x00000000c3d00000, 0x00000000c3d00000, 0x00000000c3e00000|  0%| F|  |TAMS 0x00000000c3d00000, 0x00000000c3d00000| Untracked 
|  14|0x00000000c3e00000, 0x00000000c3e00000, 0x00000000c3f00000|  0%| F|  |TAMS 0x00000000c3e00000, 0x00000000c3e00000| Untracked 
|  15|0x00000000c3f00000, 0x00000000c3f00000, 0x00000000c4000000|  0%| F|  |TAMS 0x00000000c3f00000, 0x00000000c3f00000| Untracked 
|  16|0x00000000c4000000, 0x00000000c4000000, 0x00000000c4100000|  0%| F|  |TAMS 0x00000000c4000000, 0x00000000c4000000| Untracked 
|  17|0x00000000c4100000, 0x00000000c4100000, 0x00000000c4200000|  0%| F|  |TAMS 0x00000000c4100000, 0x00000000c4100000| Untracked 
|  18|0x00000000c4200000, 0x00000000c4200000, 0x00000000c4300000|  0%| F|  |TAMS 0x00000000c4200000, 0x00000000c4200000| Untracked 
|  19|0x00000000c4300000, 0x00000000c4300000, 0x00000000c4400000|  0%| F|  |TAMS 0x00000000c4300000, 0x00000000c4300000| Untracked 
|  20|0x00000000c4400000, 0x00000000c4400000, 0x00000000c4500000|  0%| F|  |TAMS 0x00000000c4400000, 0x00000000c4400000| Untracked 
|  21|0x00000000c4500000, 0x00000000c4500000, 0x00000000c4600000|  0%| F|  |TAMS 0x00000000c4500000, 0x00000000c4500000| Untracked 
|  22|0x00000000c4600000, 0x00000000c4600000, 0x00000000c4700000|  0%| F|  |TAMS 0x00000000c4600000, 0x00000000c4600000| Untracked 
|  23|0x00000000c4700000, 0x00000000c4700000, 0x00000000c4800000|  0%| F|  |TAMS 0x00000000c4700000, 0x00000000c4700000| Untracked 
|  24|0x00000000c4800000, 0x00000000c4800000, 0x00000000c4900000|  0%| F|  |TAMS 0x00000000c4800000, 0x00000000c4800000| Untracked 
|  25|0x00000000c4900000, 0x00000000c4900000, 0x00000000c4a00000|  0%| F|  |TAMS 0x00000000c4900000, 0x00000000c4900000| Untracked 
|  26|0x00000000c4a00000, 0x00000000c4a00000, 0x00000000c4b00000|  0%| F|  |TAMS 0x00000000c4a00000, 0x00000000c4a00000| Untracked 
|  27|0x00000000c4b00000, 0x00000000c4b00000, 0x00000000c4c00000|  0%| F|  |TAMS 0x00000000c4b00000, 0x00000000c4b00000| Untracked 
|  28|0x00000000c4c00000, 0x00000000c4c00000, 0x00000000c4d00000|  0%| F|  |TAMS 0x00000000c4c00000, 0x00000000c4c00000| Untracked 
|  29|0x00000000c4d00000, 0x00000000c4d00000, 0x00000000c4e00000|  0%| F|  |TAMS 0x00000000c4d00000, 0x00000000c4d00000| Untracked 
|  30|0x00000000c4e00000, 0x00000000c4e00000, 0x00000000c4f00000|  0%| F|  |TAMS 0x00000000c4e00000, 0x00000000c4e00000| Untracked 
|  31|0x00000000c4f00000, 0x00000000c4f00000, 0x00000000c5000000|  0%| F|  |TAMS 0x00000000c4f00000, 0x00000000c4f00000| Untracked 
|  32|0x00000000c5000000, 0x00000000c5000000, 0x00000000c5100000|  0%| F|  |TAMS 0x00000000c5000000, 0x00000000c5000000| Untracked 
|  33|0x00000000c5100000, 0x00000000c5100000, 0x00000000c5200000|  0%| F|  |TAMS 0x00000000c5100000, 0x00000000c5100000| Untracked 
|  34|0x00000000c5200000, 0x00000000c5200000, 0x00000000c5300000|  0%| F|  |TAMS 0x00000000c5200000, 0x00000000c5200000| Untracked 
|  35|0x00000000c5300000, 0x00000000c5300000, 0x00000000c5400000|  0%| F|  |TAMS 0x00000000c5300000, 0x00000000c5300000| Untracked 
|  36|0x00000000c5400000, 0x00000000c5456d00, 0x00000000c5500000| 33%| S|CS|TAMS 0x00000000c5400000, 0x00000000c5400000| Complete 
|  37|0x00000000c5500000, 0x00000000c5600000, 0x00000000c5600000|100%| S|CS|TAMS 0x00000000c5500000, 0x00000000c5500000| Complete 
|  38|0x00000000c5600000, 0x00000000c5600000, 0x00000000c5700000|  0%| F|  |TAMS 0x00000000c5600000, 0x00000000c5600000| Untracked 
|  39|0x00000000c5700000, 0x00000000c5700000, 0x00000000c5800000|  0%| F|  |TAMS 0x00000000c5700000, 0x00000000c5700000| Untracked 
|  40|0x00000000c5800000, 0x00000000c5800000, 0x00000000c5900000|  0%| F|  |TAMS 0x00000000c5800000, 0x00000000c5800000| Untracked 
|  41|0x00000000c5900000, 0x00000000c5900000, 0x00000000c5a00000|  0%| F|  |TAMS 0x00000000c5900000, 0x00000000c5900000| Untracked 
|  42|0x00000000c5a00000, 0x00000000c5a00000, 0x00000000c5b00000|  0%| F|  |TAMS 0x00000000c5a00000, 0x00000000c5a00000| Untracked 
|  43|0x00000000c5b00000, 0x00000000c5b00000, 0x00000000c5c00000|  0%| F|  |TAMS 0x00000000c5b00000, 0x00000000c5b00000| Untracked 
|  44|0x00000000c5c00000, 0x00000000c5c00000, 0x00000000c5d00000|  0%| F|  |TAMS 0x00000000c5c00000, 0x00000000c5c00000| Untracked 
|  45|0x00000000c5d00000, 0x00000000c5d00000, 0x00000000c5e00000|  0%| F|  |TAMS 0x00000000c5d00000, 0x00000000c5d00000| Untracked 
|  46|0x00000000c5e00000, 0x00000000c5e00000, 0x00000000c5f00000|  0%| F|  |TAMS 0x00000000c5e00000, 0x00000000c5e00000| Untracked 
|  47|0x00000000c5f00000, 0x00000000c5f00000, 0x00000000c6000000|  0%| F|  |TAMS 0x00000000c5f00000, 0x00000000c5f00000| Untracked 
|  48|0x00000000c6000000, 0x00000000c6000000, 0x00000000c6100000|  0%| F|  |TAMS 0x00000000c6000000, 0x00000000c6000000| Untracked 
|  49|0x00000000c6100000, 0x00000000c6100000, 0x00000000c6200000|  0%| F|  |TAMS 0x00000000c6100000, 0x00000000c6100000| Untracked 
|  50|0x00000000c6200000, 0x00000000c6200000, 0x00000000c6300000|  0%| F|  |TAMS 0x00000000c6200000, 0x00000000c6200000| Untracked 
|  51|0x00000000c6300000, 0x00000000c6300000, 0x00000000c6400000|  0%| F|  |TAMS 0x00000000c6300000, 0x00000000c6300000| Untracked 
|  52|0x00000000c6400000, 0x00000000c6400000, 0x00000000c6500000|  0%| F|  |TAMS 0x00000000c6400000, 0x00000000c6400000| Untracked 
|  53|0x00000000c6500000, 0x00000000c6500000, 0x00000000c6600000|  0%| F|  |TAMS 0x00000000c6500000, 0x00000000c6500000| Untracked 
|  54|0x00000000c6600000, 0x00000000c6600000, 0x00000000c6700000|  0%| F|  |TAMS 0x00000000c6600000, 0x00000000c6600000| Untracked 
|  55|0x00000000c6700000, 0x00000000c6700000, 0x00000000c6800000|  0%| F|  |TAMS 0x00000000c6700000, 0x00000000c6700000| Untracked 
|  56|0x00000000c6800000, 0x00000000c6800000, 0x00000000c6900000|  0%| F|  |TAMS 0x00000000c6800000, 0x00000000c6800000| Untracked 
|  57|0x00000000c6900000, 0x00000000c6900000, 0x00000000c6a00000|  0%| F|  |TAMS 0x00000000c6900000, 0x00000000c6900000| Untracked 
|  58|0x00000000c6a00000, 0x00000000c6a00000, 0x00000000c6b00000|  0%| F|  |TAMS 0x00000000c6a00000, 0x00000000c6a00000| Untracked 
|  59|0x00000000c6b00000, 0x00000000c6b00000, 0x00000000c6c00000|  0%| F|  |TAMS 0x00000000c6b00000, 0x00000000c6b00000| Untracked 
|  60|0x00000000c6c00000, 0x00000000c6cf1e58, 0x00000000c6d00000| 94%| E|  |TAMS 0x00000000c6c00000, 0x00000000c6c00000| Complete 
|  61|0x00000000c6d00000, 0x00000000c6e00000, 0x00000000c6e00000|100%| E|CS|TAMS 0x00000000c6d00000, 0x00000000c6d00000| Complete 

Card table byte_map: [0x000001b9529d0000,0x000001b952bc0000] _byte_map_base: 0x000001b9523b8000

Marking Bits (Prev, Next): (CMBitMap*) 0x000001b93c1454c0, (CMBitMap*) 0x000001b93c145488
 Prev Bits: [0x000001b953cf0000, 0x000001b954c30000)
 Next Bits: [0x000001b952db0000, 0x000001b953cf0000)

Polling page: 0x000001b939f70000

Metaspace:

Usage:
  Non-class:     21.02 MB capacity,    20.62 MB ( 98%) used,   325.98 KB (  2%) free+waste,    82.06 KB ( <1%) overhead. 
      Class:      2.89 MB capacity,     2.57 MB ( 89%) used,   287.36 KB ( 10%) free+waste,    42.25 KB (  1%) overhead. 
       Both:     23.91 MB capacity,    23.19 MB ( 97%) used,   613.34 KB (  3%) free+waste,   124.31 KB ( <1%) overhead. 

Virtual space:
  Non-class space:       22.00 MB reserved,      21.25 MB ( 97%) committed 
      Class space:        1.00 GB reserved,       3.00 MB ( <1%) committed 
             Both:        1.02 GB reserved,      24.25 MB (  2%) committed 

Chunk freelists:
   Non-Class:  5.50 KB
       Class:  1.75 KB
        Both:  7.25 KB

CodeHeap 'non-profiled nmethods': size=120064Kb used=919Kb max_used=919Kb free=119144Kb
 bounds [0x000001b94b2a0000, 0x000001b94b510000, 0x000001b9527e0000]
CodeHeap 'profiled nmethods': size=120000Kb used=5180Kb max_used=5180Kb free=114819Kb
 bounds [0x000001b943d70000, 0x000001b944280000, 0x000001b94b2a0000]
CodeHeap 'non-nmethods': size=5696Kb used=1166Kb max_used=1173Kb free=4529Kb
 bounds [0x000001b9437e0000, 0x000001b943a50000, 0x000001b943d70000]
 total_blobs=2901 nmethods=2384 adapters=429
 compilation: enabled
              stopped_count=0, restarted_count=0
 full_count=0

Compilation events (10 events):
Event: 9.893 Thread 0x000001b957157000 2318       3       java.lang.reflect.AccessibleObject::verifyAccess (84 bytes)
Event: 9.894 Thread 0x000001b957157000 nmethod 2318 0x000001b944252210 code [0x000001b9442523e0, 0x000001b944252a08]
Event: 9.895 Thread 0x000001b957157000 2319       1       sun.reflect.generics.visitor.Reifier::getFactory (5 bytes)
Event: 9.895 Thread 0x000001b957157000 nmethod 2319 0x000001b94b383910 code [0x000001b94b383aa0, 0x000001b94b383b58]
Event: 9.896 Thread 0x000001b957157000 2320       3       java.io.DataOutputStream::writeInt (65 bytes)
Event: 9.896 Thread 0x000001b957157000 nmethod 2320 0x000001b944252b90 code [0x000001b944252d80, 0x000001b944253298]
Event: 9.903 Thread 0x000001b957157000 2321       3       java.lang.Module::allows (60 bytes)
Event: 9.904 Thread 0x000001b957157000 nmethod 2321 0x000001b944253490 code [0x000001b944253680, 0x000001b944253c68]
Event: 9.917 Thread 0x000001b957157000 2322       3       java.lang.invoke.BoundMethodHandle$Species_L::make (11 bytes)
Event: 9.918 Thread 0x000001b957157000 nmethod 2322 0x000001b944253d90 code [0x000001b944253f40, 0x000001b944254188]

GC Heap History (8 events):
Event: 1.803 GC heap before
{Heap before GC invocations=0 (full 0):
 garbage-first heap   total 63488K, used 13312K [0x00000000c3000000, 0x0000000100000000)
  region size 1024K, 14 young (14336K), 0 survivors (0K)
 Metaspace       used 7098K, capacity 7146K, committed 7296K, reserved 1056768K
  class space    used 622K, capacity 635K, committed 640K, reserved 1048576K
}
Event: 1.813 GC heap after
{Heap after GC invocations=1 (full 0):
 garbage-first heap   total 63488K, used 7244K [0x00000000c3000000, 0x0000000100000000)
  region size 1024K, 2 young (2048K), 2 survivors (2048K)
 Metaspace       used 7098K, capacity 7146K, committed 7296K, reserved 1056768K
  class space    used 622K, capacity 635K, committed 640K, reserved 1048576K
}
Event: 3.572 GC heap before
{Heap before GC invocations=1 (full 0):
 garbage-first heap   total 63488K, used 18508K [0x00000000c3000000, 0x0000000100000000)
  region size 1024K, 13 young (13312K), 2 survivors (2048K)
 Metaspace       used 11738K, capacity 11986K, committed 12032K, reserved 1060864K
  class space    used 1141K, capacity 1234K, committed 1280K, reserved 1048576K
}
Event: 3.598 GC heap after
{Heap after GC invocations=2 (full 0):
 garbage-first heap   total 63488K, used 8232K [0x00000000c3000000, 0x0000000100000000)
  region size 1024K, 2 young (2048K), 2 survivors (2048K)
 Metaspace       used 11738K, capacity 11986K, committed 12032K, reserved 1060864K
  class space    used 1141K, capacity 1234K, committed 1280K, reserved 1048576K
}
Event: 4.965 GC heap before
{Heap before GC invocations=2 (full 0):
 garbage-first heap   total 63488K, used 27688K [0x00000000c3000000, 0x0000000100000000)
  region size 1024K, 21 young (21504K), 2 survivors (2048K)
 Metaspace       used 15795K, capacity 16430K, committed 16640K, reserved 1064960K
  class space    used 1682K, capacity 1954K, committed 2048K, reserved 1048576K
}
Event: 4.971 GC heap after
{Heap after GC invocations=3 (full 0):
 garbage-first heap   total 63488K, used 9299K [0x00000000c3000000, 0x0000000100000000)
  region size 1024K, 3 young (3072K), 3 survivors (3072K)
 Metaspace       used 15795K, capacity 16430K, committed 16640K, reserved 1064960K
  class space    used 1682K, capacity 1954K, committed 2048K, reserved 1048576K
}
Event: 7.397 GC heap before
{Heap before GC invocations=3 (full 0):
 garbage-first heap   total 63488K, used 37971K [0x00000000c3000000, 0x0000000100000000)
  region size 1024K, 32 young (32768K), 3 survivors (3072K)
 Metaspace       used 20469K, capacity 21111K, committed 21248K, reserved 1069056K
  class space    used 2174K, capacity 2446K, committed 2560K, reserved 1048576K
}
Event: 7.411 GC heap after
{Heap after GC invocations=4 (full 0):
 garbage-first heap   total 63488K, used 12698K [0x00000000c3000000, 0x0000000100000000)
  region size 1024K, 4 young (4096K), 4 survivors (4096K)
 Metaspace       used 20469K, capacity 21111K, committed 21248K, reserved 1069056K
  class space    used 2174K, capacity 2446K, committed 2560K, reserved 1048576K
}

Deoptimization events (10 events):
Event: 6.936 Thread 0x000001b93c11b000 Uncommon trap: reason=unstable_if action=reinterpret pc=0x000001b94b2acfa8 method=java.lang.StringLatin1.canEncode(I)Z @ 4 c2
Event: 6.936 Thread 0x000001b93c11b000 Uncommon trap: reason=unstable_if action=reinterpret pc=0x000001b94b2ae714 method=java.lang.AbstractStringBuilder.isLatin1()Z @ 10 c2
Event: 6.985 Thread 0x000001b93c11b000 Uncommon trap: reason=unstable_if action=reinterpret pc=0x000001b94b339934 method=java.lang.CharacterDataLatin1.digit(II)I @ 7 c2
Event: 6.985 Thread 0x000001b93c11b000 Uncommon trap: reason=unstable_if action=reinterpret pc=0x000001b94b339d30 method=java.lang.CharacterDataLatin1.digit(II)I @ 7 c2
Event: 7.020 Thread 0x000001b93c11b000 Uncommon trap: reason=unstable_if action=reinterpret pc=0x000001b94b2b6018 method=java.lang.String.equals(Ljava/lang/Object;)Z @ 27 c2
Event: 7.506 Thread 0x000001b93c11b000 Uncommon trap: reason=unstable_if action=reinterpret pc=0x000001b94b371e78 method=java.util.Formatter$Conversion.isGeneral(C)Z @ 1 c2
Event: 9.086 Thread 0x000001b93c11b000 Uncommon trap: reason=unstable_if action=reinterpret pc=0x000001b94b37b848 method=java.util.Properties$LineReader.readLine()I @ 256 c2
Event: 9.689 Thread 0x000001b9586ad800 Uncommon trap: reason=unstable_if action=reinterpret pc=0x000001b94b35c0cc method=java.io.BufferedReader.readLine(Z)Ljava/lang/String; @ 22 c2
Event: 9.890 Thread 0x000001b93c11b000 Uncommon trap: reason=unstable_if action=reinterpret pc=0x000001b94b345680 method=java.io.ByteArrayInputStream.read([BII)I @ 35 c2
Event: 9.890 Thread 0x000001b93c11b000 Uncommon trap: reason=unstable_if action=reinterpret pc=0x000001b94b2fa3f4 method=java.util.jar.JarFile.getVersionedEntry(Ljava/lang/String;Ljava/util/jar/JarEntry;)Ljava/util/jar/JarEntry; @ 7 c2

Classes redefined (0 events):
No events

Internal exceptions (10 events):
Event: 4.949 Thread 0x000001b93c11b000 Exception <a 'java/lang/NoSuchMethodError'{0x00000000c598f188}: java.lang.invoke.DirectMethodHandle$Holder.invokeStatic(Ljava/lang/Object;Ljava/lang/Object;Ljava/lang/Object;Ljava/lang/Object;Ljava/lang/Object;Ljava/lang/Object;Ljava/lang/Object;Ljava/lan
Event: 4.952 Thread 0x000001b93c11b000 Exception <a 'java/lang/NoSuchMethodError'{0x00000000c59aefc8}: java.lang.invoke.DirectMethodHandle$Holder.invokeStatic(Ljava/lang/Object;Ljava/lang/Object;Ljava/lang/Object;Ljava/lang/Object;Ljava/lang/Object;Ljava/lang/Object;Ljava/lang/Object;Ljava/lan
Event: 6.030 Thread 0x000001b93c11b000 Exception <a 'sun/nio/fs/WindowsException'{0x00000000c64da178}> (0x00000000c64da178) thrown at [./open/src/hotspot/share/prims/jni.cpp, line 611]
Event: 6.031 Thread 0x000001b93c11b000 Exception <a 'java/lang/NoSuchMethodError'{0x00000000c64db990}: java.lang.invoke.DirectMethodHandle$Holder.invokeSpecialIFC(Ljava/lang/Object;Ljava/lang/Object;I)I> (0x00000000c64db990) thrown at [./open/src/hotspot/share/interpreter/linkResolver.cpp, lin
Event: 6.212 Thread 0x000001b93c11b000 Exception <a 'java/lang/NoSuchMethodError'{0x00000000c6307088}: java.lang.invoke.DirectMethodHandle$Holder.invokeStaticInit(Ljava/lang/Object;Ljava/lang/Object;Ljava/lang/Object;Ljava/lang/Object;)I> (0x00000000c6307088) thrown at [./open/src/hotspot/shar
Event: 6.214 Thread 0x000001b93c11b000 Exception <a 'java/lang/NoSuchMethodError'{0x00000000c63126d0}: java.lang.invoke.DirectMethodHandle$Holder.invokeStaticInit(Ljava/lang/Object;Ljava/lang/Object;)V> (0x00000000c63126d0) thrown at [./open/src/hotspot/share/interpreter/linkResolver.cpp, line
Event: 6.771 Thread 0x000001b93c11b000 Exception <a 'java/lang/NoSuchMethodError'{0x00000000c5362940}: java.lang.invoke.DirectMethodHandle$Holder.invokeVirtual(Ljava/lang/Object;Ljava/lang/Object;Ljava/lang/Object;)Ljava/lang/Object;> (0x00000000c5362940) thrown at [./open/src/hotspot/share/in
Event: 7.677 Thread 0x000001b93c11b000 Exception <a 'java/lang/NoSuchMethodError'{0x00000000c6644dd8}: java.lang.invoke.DirectMethodHandle$Holder.invokeVirtual(Ljava/lang/Object;Ljava/lang/Object;)V> (0x00000000c6644dd8) thrown at [./open/src/hotspot/share/interpreter/linkResolver.cpp, line 77
Event: 7.678 Thread 0x000001b93c11b000 Exception <a 'java/lang/NoSuchMethodError'{0x00000000c664cd20}: java.lang.invoke.DirectMethodHandle$Holder.invokeStatic(Ljava/lang/Object;Ljava/lang/Object;ILjava/lang/Object;)I> (0x00000000c664cd20) thrown at [./open/src/hotspot/share/interpreter/linkRes
Event: 7.678 Thread 0x000001b93c11b000 Exception <a 'java/lang/IncompatibleClassChangeError'{0x00000000c6653a08}: Found class java.lang.Object, but interface was expected> (0x00000000c6653a08) thrown at [./open/src/hotspot/share/interpreter/linkResolver.cpp, line 838]

Events (10 events):
Event: 9.929 loading class dev/failsafe/function/CheckedSupplier
Event: 9.929 loading class dev/failsafe/function/CheckedSupplier done
Event: 9.929 loading class dev/failsafe/function/CheckedSupplier
Event: 9.929 loading class dev/failsafe/function/CheckedSupplier done
Event: 9.929 loading class dev/failsafe/function/CheckedFunction
Event: 9.929 loading class dev/failsafe/function/CheckedFunction done
Event: 9.932 loading class dev/failsafe/RetryPolicy
Event: 9.932 loading class dev/failsafe/RetryPolicy done
Event: 9.933 loading class dev/failsafe/RetryPolicyConfig
Event: 9.933 loading class dev/failsafe/RetryPolicyConfig done


Dynamic libraries:
0x00007ff71d4b0000 - 0x00007ff71d4bf000 	C:\Program Files\Java\jdk-11.0.17\bin\javaw.exe
0x00007ff93b4d0000 - 0x00007ff93b6c8000 	C:\Windows\SYSTEM32\ntdll.dll
0x00007ff93afa0000 - 0x00007ff93b05f000 	C:\Windows\System32\KERNEL32.DLL
0x00007ff938f70000 - 0x00007ff939242000 	C:\Windows\System32\KERNELBASE.dll
0x00007ff938d90000 - 0x00007ff938e90000 	C:\Windows\System32\ucrtbase.dll
0x00007ff9333e0000 - 0x00007ff9333f8000 	C:\Program Files\Java\jdk-11.0.17\bin\jli.dll
0x00007ff933030000 - 0x00007ff933045000 	C:\Program Files\Java\jdk-11.0.17\bin\VCRUNTIME140.dll
0x00007ff93b2b0000 - 0x00007ff93b35e000 	C:\Windows\System32\ADVAPI32.dll
0x00007ff939700000 - 0x00007ff93979e000 	C:\Windows\System32\msvcrt.dll
0x00007ff93af00000 - 0x00007ff93af9c000 	C:\Windows\System32\sechost.dll
0x00007ff93b360000 - 0x00007ff93b485000 	C:\Windows\System32\RPCRT4.dll
0x00007ff93a500000 - 0x00007ff93a6a1000 	C:\Windows\System32\USER32.dll
0x00007ff927320000 - 0x00007ff9275ba000 	C:\Windows\WinSxS\amd64_microsoft.windows.common-controls_6595b64144ccf1df_6.0.19041.1110_none_60b5254171f9507e\COMCTL32.dll
0x00007ff938e90000 - 0x00007ff938eb2000 	C:\Windows\System32\win32u.dll
0x00007ff93ad40000 - 0x00007ff93ad6b000 	C:\Windows\System32\GDI32.dll
0x00007ff938bf0000 - 0x00007ff938cff000 	C:\Windows\System32\gdi32full.dll
0x00007ff939420000 - 0x00007ff9394bd000 	C:\Windows\System32\msvcp_win.dll
0x00007ff931b70000 - 0x00007ff931b7a000 	C:\Windows\SYSTEM32\VERSION.dll
0x00007ff93a990000 - 0x00007ff93a9c2000 	C:\Windows\System32\IMM32.DLL
0x00007ff90cb60000 - 0x00007ff90cbfb000 	C:\Program Files\Java\jdk-11.0.17\bin\msvcp140.dll
0x00007ff8e9240000 - 0x00007ff8e9d5a000 	C:\Program Files\Java\jdk-11.0.17\bin\server\jvm.dll
0x00007ff93ad30000 - 0x00007ff93ad38000 	C:\Windows\System32\PSAPI.DLL
0x00007ff91e520000 - 0x00007ff91e547000 	C:\Windows\SYSTEM32\WINMM.dll
0x00007ff932f60000 - 0x00007ff932f69000 	C:\Windows\SYSTEM32\WSOCK32.dll
0x00007ff93b190000 - 0x00007ff93b1fb000 	C:\Windows\System32\WS2_32.dll
0x00007ff937400000 - 0x00007ff937412000 	C:\Windows\SYSTEM32\kernel.appcore.dll
0x00007ff932f50000 - 0x00007ff932f60000 	C:\Program Files\Java\jdk-11.0.17\bin\verify.dll
0x00007ff936370000 - 0x00007ff936554000 	C:\Windows\SYSTEM32\DBGHELP.DLL
0x00007ff923780000 - 0x00007ff9237b5000 	C:\Windows\SYSTEM32\dbgcore.DLL
0x00007ff938d00000 - 0x00007ff938d82000 	C:\Windows\System32\bcryptPrimitives.dll
0x00007ff9143f0000 - 0x00007ff914418000 	C:\Program Files\Java\jdk-11.0.17\bin\java.dll
0x00007ff92e490000 - 0x00007ff92e49a000 	C:\Program Files\Java\jdk-11.0.17\bin\jimage.dll
0x00007ff9135c0000 - 0x00007ff9135d6000 	C:\Program Files\Java\jdk-11.0.17\bin\zip.dll
0x00007ff939d50000 - 0x00007ff93a495000 	C:\Windows\System32\SHELL32.dll
0x00007ff936c60000 - 0x00007ff9373f2000 	C:\Windows\SYSTEM32\windows.storage.dll
0x00007ff93a9d0000 - 0x00007ff93ad25000 	C:\Windows\System32\combase.dll
0x00007ff938540000 - 0x00007ff938570000 	C:\Windows\SYSTEM32\Wldp.dll
0x00007ff9395f0000 - 0x00007ff93969d000 	C:\Windows\System32\SHCORE.dll
0x00007ff9396a0000 - 0x00007ff9396f5000 	C:\Windows\System32\shlwapi.dll
0x00007ff938b00000 - 0x00007ff938b1f000 	C:\Windows\SYSTEM32\profapi.dll
0x00007ff9121a0000 - 0x00007ff9121b9000 	C:\Program Files\Java\jdk-11.0.17\bin\net.dll
0x00007ff92e0f0000 - 0x00007ff92e1fc000 	C:\Windows\SYSTEM32\WINHTTP.dll
0x00007ff9382a0000 - 0x00007ff93830a000 	C:\Windows\system32\mswsock.dll
0x00007ff911580000 - 0x00007ff911592000 	C:\Program Files\Java\jdk-11.0.17\bin\nio.dll
0x00007ff937fd0000 - 0x00007ff93809b000 	C:\Windows\SYSTEM32\DNSAPI.dll
0x00007ff937f90000 - 0x00007ff937fcb000 	C:\Windows\SYSTEM32\IPHLPAPI.DLL
0x00007ff939cc0000 - 0x00007ff939cc8000 	C:\Windows\System32\NSI.dll
0x00007ff926d60000 - 0x00007ff926d6a000 	C:\Windows\System32\rasadhlp.dll
0x00007ff9275c0000 - 0x00007ff927640000 	C:\Windows\System32\fwpuclnt.dll
0x00007ff938bc0000 - 0x00007ff938be7000 	C:\Windows\System32\bcrypt.dll
0x00007ff9384a0000 - 0x00007ff9384b8000 	C:\Windows\SYSTEM32\CRYPTSP.dll
0x00007ff937bc0000 - 0x00007ff937bf4000 	C:\Windows\system32\rsaenh.dll
0x00007ff938a80000 - 0x00007ff938aae000 	C:\Windows\SYSTEM32\USERENV.dll
0x00007ff938490000 - 0x00007ff93849c000 	C:\Windows\SYSTEM32\CRYPTBASE.dll
0x00007ff92efa0000 - 0x00007ff92efb7000 	C:\Windows\SYSTEM32\dhcpcsvc6.DLL
0x00007ff9305b0000 - 0x00007ff9305cd000 	C:\Windows\SYSTEM32\dhcpcsvc.DLL
0x00007ff92e480000 - 0x00007ff92e48d000 	C:\Program Files\Java\jdk-11.0.17\bin\sunmscapi.dll
0x00007ff9392c0000 - 0x00007ff939416000 	C:\Windows\System32\CRYPT32.dll
0x00007ff9385b0000 - 0x00007ff9385d7000 	C:\Windows\SYSTEM32\ncrypt.dll
0x00007ff938570000 - 0x00007ff9385ab000 	C:\Windows\SYSTEM32\NTASN1.dll
0x00007ff90b780000 - 0x00007ff90b7a5000 	C:\Program Files\Java\jdk-11.0.17\bin\sunec.dll
0x00007ff9331f0000 - 0x00007ff9331f9000 	C:\Program Files\Java\jdk-11.0.17\bin\management.dll
0x00007ff930da0000 - 0x00007ff930dab000 	C:\Program Files\Java\jdk-11.0.17\bin\management_ext.dll

dbghelp: loaded successfully - version: 4.0.5 - missing functions: none
symbol engine: initialized successfully - sym options: 0x614 - pdb path: .;C:\Program Files\Java\jdk-11.0.17\bin;C:\Windows\SYSTEM32;C:\Windows\WinSxS\amd64_microsoft.windows.common-controls_6595b64144ccf1df_6.0.19041.1110_none_60b5254171f9507e;C:\Program Files\Java\jdk-11.0.17\bin\server

VM Arguments:
jvm_args: -ea -Dfile.encoding=Cp1252 
java_command: org.testng.remote.RemoteTestNG -serport 65439 -protocol json -d C:\Users\Admin\eclipse-workspace\seleniumframeworkdesign\test-output C:\Users\Admin\AppData\Local\Temp\testng-eclipse-1337949379\testng-customsuite.xml
java_class_path (initial): C:\Users\Admin\Downloads\eclipse-jee-photon-R-win32-x86_64\eclipse\configuration\org.eclipse.osgi\999\0\.cp\lib\testng-remote.jar;C:\Users\Admin\eclipse-workspace\seleniumframeworkdesign\target\test-classes;C:\Users\Admin\eclipse-workspace\seleniumframeworkdesign\target\classes;C:\Users\Admin\.m2\repository\com\mysql\mysql-connector-j\8.0.32\mysql-connector-j-8.0.32.jar;C:\Users\Admin\.m2\repository\com\google\protobuf\protobuf-java\3.21.9\protobuf-java-3.21.9.jar;C:\Users\Admin\.m2\repository\org\seleniumhq\selenium\selenium-java\4.7.2\selenium-java-4.7.2.jar;C:\Users\Admin\.m2\repository\org\seleniumhq\selenium\selenium-api\4.7.2\selenium-api-4.7.2.jar;C:\Users\Admin\.m2\repository\org\seleniumhq\selenium\selenium-chrome-driver\4.7.2\selenium-chrome-driver-4.7.2.jar;C:\Users\Admin\.m2\repository\com\google\auto\service\auto-service-annotations\1.0.1\auto-service-annotations-1.0.1.jar;C:\Users\Admin\.m2\repository\com\google\auto\service\auto-service\1.0.1\auto-service-1.0.1.jar;C:\Users\Admin\.m2\repository\com\google\auto\auto-common\1.2\auto-common-1.2.jar;C:\Users\Admin\.m2\repository\com\google\guava\guava\31.1-jre\guava-31.1-jre.jar;C:\Users\Admin\.m2\repository\com\google\guava\failureaccess\1.0.1\failureaccess-1.0.1.jar;C:\Users\Admin\.m2\repository\com\google\guava\listenablefuture\9999.0-empty-to-avoid-conflict-with-guava\listenablefuture-9999.0-empty-to-avoid-conflict-with-guava.jar;C:\Users\Admin\.m2\repository\com\google\code\findbugs\jsr305\3.0.2\jsr305-3.0.2.jar;C:\Users\Admin\.m2\repository\org\checkerframework\checker-qual\3.12.0\checker-qual-3.12.0.jar;C:\Users\Admin\.m2\repository\com\google\errorprone\error_prone_annotations\2.11.0\error_prone_annotations-2.11.0.jar;C:\Users\Admin\.m2\repository\com\google\j2objc\j2objc-annotations\1.3\j2objc-annotations-1.3.jar;C:\Users\Admin\.m2\repository\org\seleniumhq\selenium\selenium-chromium-driver\4.7.2\selenium-chromium-driver-4.7.2.jar;C:\Users\Admin\.m2\repository\org\sel
Launcher Type: SUN_STANDARD

[Global flags]
     intx CICompilerCount                          = 3                                         {product} {ergonomic}
     uint ConcGCThreads                            = 1                                         {product} {ergonomic}
     uint G1ConcRefinementThreads                  = 4                                         {product} {ergonomic}
   size_t G1HeapRegionSize                         = 1048576                                   {product} {ergonomic}
    uintx GCDrainStackTargetSize                   = 64                                        {product} {ergonomic}
   size_t InitialHeapSize                          = 65011712                                  {product} {ergonomic}
   size_t MarkStackSize                            = 4194304                                   {product} {ergonomic}
   size_t MaxHeapSize                              = 1023410176                                {product} {ergonomic}
   size_t MaxNewSize                               = 613416960                                 {product} {ergonomic}
   size_t MinHeapDeltaBytes                        = 1048576                                   {product} {ergonomic}
    uintx NonNMethodCodeHeapSize                   = 5830732                                {pd product} {ergonomic}
    uintx NonProfiledCodeHeapSize                  = 122913754                              {pd product} {ergonomic}
    uintx ProfiledCodeHeapSize                     = 122913754                              {pd product} {ergonomic}
    uintx ReservedCodeCacheSize                    = 251658240                              {pd product} {ergonomic}
     bool SegmentedCodeCache                       = true                                      {product} {ergonomic}
     bool UseCompressedClassPointers               = true                                 {lp64_product} {ergonomic}
     bool UseCompressedOops                        = true                                 {lp64_product} {ergonomic}
     bool UseG1GC                                  = true                                      {product} {ergonomic}
     bool UseLargePagesIndividualAllocation        = false                                  {pd product} {ergonomic}

Logging:
Log output configuration:
 #0: stdout all=warning uptime,level,tags
 #1: stderr all=off uptime,level,tags

Environment Variables:
JAVA_HOME=C:\Program Files\Java\jdk-11.0.17
PATH=C:/Program Files/Java/jdk-11.0.17/bin/server;C:/Program Files/Java/jdk-11.0.17/bin;C:\Program Files (x86)\Common Files\Oracle\Java\javapath;C:\Windows\system32;C:\Windows;C:\Windows\System32\Wbem;C:\Windows\System32\WindowsPowerShell\v1.0\;C:\Windows\System32\OpenSSH\;C:\Windows\IsmFiles;C:\Program Files\Java\jdk-11.0.17\bin;C:\Program Files\Maven\apache-maven-3.8.7-bin\apache-maven-3.8.7\bin;C:\Program Files\Git\cmd;C:\Program Files\MySQL\MySQL Shell 8.0\bin\;C:\Users\Admin\AppData\Local\Microsoft\WindowsApps;;C:\Users\Admin\Downloads\eclipse-jee-photon-R-win32-x86_64\eclipse;
USERNAME=Admin
OS=Windows_NT
PROCESSOR_IDENTIFIER=Intel64 Family 6 Model 122 Stepping 1, GenuineIntel



---------------  S Y S T E M  ---------------

OS: Windows 10 , 64 bit Build 19041 (10.0.19041.2546)

CPU:total 4 (initial active 4) (4 cores per cpu, 1 threads per core) family 6 model 122 stepping 1 microcode 0x32, cmov, cx8, fxsr, mmx, sse, sse2, sse3, ssse3, sse4.1, sse4.2, popcnt, aes, clmul, erms, 3dnowpref, tsc, tscinvbit, sha

Memory: 4k page, system-wide physical 3901M (231M free)
TotalPageFile size 15677M (AvailPageFile size 1M)
current process WorkingSet (physical memory assigned to process): 120M, peak: 120M
current process commit charge ("private bytes"): 167M, peak: 167M

vm_info: Java HotSpot(TM) 64-Bit Server VM (11.0.17+10-LTS-269) for windows-amd64 JRE (11.0.17+10-LTS-269), built on Sep 13 2022 19:26:37 by "mach5one" with MS VC++ 15.9 (VS2017)

END.
